<?xml version="1.0" encoding="UTF-8"?>
<testng-results ignored="0" total="1" passed="1" failed="0" skipped="0">
  <reporter-output>
  </reporter-output>
  <suite started-at="2024-05-16T16:59:49 IST" name="Default suite" finished-at="2024-05-16T17:04:07 IST" duration-ms="258109">
    <groups>
    </groups>
    <test started-at="2024-05-16T16:59:49 IST" name="Default test" finished-at="2024-05-16T17:04:07 IST" duration-ms="258109">
      <class name="Object.MainPage">
        <test-method signature="mainExecutionMethod()[pri:0, instance:Object.MainPage@75d3a5e0]" started-at="2024-05-16T16:59:49 IST" name="mainExecutionMethod" finished-at="2024-05-16T17:04:07 IST" duration-ms="258063" status="PASS">
          <reporter-output>
          </reporter-output>
        </test-method> <!-- mainExecutionMethod -->
      </class> <!-- Object.MainPage -->
    </test> <!-- Default test -->
  </suite> <!-- Default suite -->
</testng-results>
